<?xml version="1.0" encoding="UTF-8"?>
<testng-results skipped="0" failed="0" ignored="0" total="1" passed="1">
  <reporter-output>
    <line>
      <![CDATA[<div style="display:block;margin-left:10px;"><div  class="info"><span class="info-label">I </span>Started QAF Automation</div><div  class="pass"><span class="pass-label">P </span>Infostretch home Page validtion
Expected: a string containing "Digital Testing"
     Actual: was "Digital Testing & Automation Services & Solutions I Infostretch" <a href="../img/verificationInfostretchWeb_no2m7ln0lorf39505.png" target="_blank">[View Screenshot]</a> </div><div  class="info"><span class="info-label">I </span>QMetry Test Management is present under IP & INNOVATION</div><div  class="info"><span class="info-label">I </span>QMetry Automation Studio is present under IP & INNOVATION</div><div  class="info"><span class="info-label">I </span>QMetry Automation Framework is present under IP & INNOVATION</div><div  class="info"><span class="info-label">I </span>QMetry Test Management for JIRA is present under IP & INNOVATION</div><div  class="info"><span class="info-label">I </span>QMetry Open API is present under IP & INNOVATION</div><div  class="info"><span class="info-label">I </span>QMetry Wisdom for JIRA is present under IP & INNOVATION</div><div  class="pass"><span class="pass-label">P </span>Selected Page validtion
Expected: a string containing "Test Management"
     Actual: was "Best Test Management and Test Case Management Tool|QMetry" <a href="../img/verificationInfostretchWeb_1d0cksp198mhw39506.png" target="_blank">[View Screenshot]</a> </div><div  class="info"><span class="info-label">I </span>1. Retail</div><div  class="pass"><span class="pass-label">P </span>Expected By.cssSelector: .img visible : Actual By.cssSelector: .img visible <a href="../img/verificationInfostretchWeb_1l9v3vnqvuu0739507.png" target="_blank">[View Screenshot]</a> </div><div  class="info"><span class="info-label">I </span>2. true</div><div  class="info"><span class="info-label">I </span>1. Healthcare</div><div  class="pass"><span class="pass-label">P </span>Expected By.cssSelector: .img visible : Actual By.cssSelector: .img visible <a href="../img/verificationInfostretchWeb_19kqb2zpjhf1g39508.png" target="_blank">[View Screenshot]</a> </div><div  class="info"><span class="info-label">I </span>2. true</div><div  class="info"><span class="info-label">I </span>1. Finance</div><div  class="pass"><span class="pass-label">P </span>Expected By.cssSelector: .img visible : Actual By.cssSelector: .img visible <a href="../img/verificationInfostretchWeb_cvdoi2cgl0uy39509.png" target="_blank">[View Screenshot]</a> </div><div  class="info"><span class="info-label">I </span>2. true</div><div  class="info"><span class="info-label">I </span>1. Hospitality</div><div  class="pass"><span class="pass-label">P </span>Expected By.cssSelector: .img visible : Actual By.cssSelector: .img visible <a href="../img/verificationInfostretchWeb_ejwa5rbfyq0f39510.png" target="_blank">[View Screenshot]</a> </div><div  class="info"><span class="info-label">I </span>2. true</div><div  class="info"><span class="info-label">I </span>1. Technology</div><div  class="pass"><span class="pass-label">P </span>Expected By.cssSelector: .img visible : Actual By.cssSelector: .img visible <a href="../img/verificationInfostretchWeb_1i94schtsj89839511.png" target="_blank">[View Screenshot]</a> </div><div  class="info"><span class="info-label">I </span>2. true</div></div>]]>
    </line>
  </reporter-output>
  <suite name="QAS Demo" duration-ms="33606" started-at="2018-01-11T06:05:36Z" finished-at="2018-01-11T06:06:10Z">
    <groups>
    </groups>
    <test name="Code base Test" duration-ms="33606" started-at="2018-01-11T06:05:36Z" finished-at="2018-01-11T06:06:10Z">
      <class name="com.infostretchqfaautomation.Page.InfostretchQAFMainPage">
        <test-method status="PASS" signature="verificationInfostretchWeb()[pri:0, instance:com.infostretchqfaautomation.Page.InfostretchQAFMainPage@cb51256]" name="verificationInfostretchWeb" duration-ms="33565" started-at="2018-01-11T11:35:36Z" finished-at="2018-01-11T11:36:10Z">
          <reporter-output>
            <line>
              <![CDATA[<div style="display:block;margin-left:10px;"><div  class="info"><span class="info-label">I </span>Started QAF Automation</div><div  class="pass"><span class="pass-label">P </span>Infostretch home Page validtion
Expected: a string containing "Digital Testing"
     Actual: was "Digital Testing & Automation Services & Solutions I Infostretch" <a href="../img/verificationInfostretchWeb_no2m7ln0lorf39505.png" target="_blank">[View Screenshot]</a> </div><div  class="info"><span class="info-label">I </span>QMetry Test Management is present under IP & INNOVATION</div><div  class="info"><span class="info-label">I </span>QMetry Automation Studio is present under IP & INNOVATION</div><div  class="info"><span class="info-label">I </span>QMetry Automation Framework is present under IP & INNOVATION</div><div  class="info"><span class="info-label">I </span>QMetry Test Management for JIRA is present under IP & INNOVATION</div><div  class="info"><span class="info-label">I </span>QMetry Open API is present under IP & INNOVATION</div><div  class="info"><span class="info-label">I </span>QMetry Wisdom for JIRA is present under IP & INNOVATION</div><div  class="pass"><span class="pass-label">P </span>Selected Page validtion
Expected: a string containing "Test Management"
     Actual: was "Best Test Management and Test Case Management Tool|QMetry" <a href="../img/verificationInfostretchWeb_1d0cksp198mhw39506.png" target="_blank">[View Screenshot]</a> </div><div  class="info"><span class="info-label">I </span>1. Retail</div><div  class="pass"><span class="pass-label">P </span>Expected By.cssSelector: .img visible : Actual By.cssSelector: .img visible <a href="../img/verificationInfostretchWeb_1l9v3vnqvuu0739507.png" target="_blank">[View Screenshot]</a> </div><div  class="info"><span class="info-label">I </span>2. true</div><div  class="info"><span class="info-label">I </span>1. Healthcare</div><div  class="pass"><span class="pass-label">P </span>Expected By.cssSelector: .img visible : Actual By.cssSelector: .img visible <a href="../img/verificationInfostretchWeb_19kqb2zpjhf1g39508.png" target="_blank">[View Screenshot]</a> </div><div  class="info"><span class="info-label">I </span>2. true</div><div  class="info"><span class="info-label">I </span>1. Finance</div><div  class="pass"><span class="pass-label">P </span>Expected By.cssSelector: .img visible : Actual By.cssSelector: .img visible <a href="../img/verificationInfostretchWeb_cvdoi2cgl0uy39509.png" target="_blank">[View Screenshot]</a> </div><div  class="info"><span class="info-label">I </span>2. true</div><div  class="info"><span class="info-label">I </span>1. Hospitality</div><div  class="pass"><span class="pass-label">P </span>Expected By.cssSelector: .img visible : Actual By.cssSelector: .img visible <a href="../img/verificationInfostretchWeb_ejwa5rbfyq0f39510.png" target="_blank">[View Screenshot]</a> </div><div  class="info"><span class="info-label">I </span>2. true</div><div  class="info"><span class="info-label">I </span>1. Technology</div><div  class="pass"><span class="pass-label">P </span>Expected By.cssSelector: .img visible : Actual By.cssSelector: .img visible <a href="../img/verificationInfostretchWeb_1i94schtsj89839511.png" target="_blank">[View Screenshot]</a> </div><div  class="info"><span class="info-label">I </span>2. true</div></div>]]>
            </line>
          </reporter-output>
        </test-method> <!-- verificationInfostretchWeb -->
      </class> <!-- com.infostretchqfaautomation.Page.InfostretchQAFMainPage -->
    </test> <!-- Code base Test -->
  </suite> <!-- QAS Demo -->
</testng-results>
